<?xml version="1.0" encoding="UTF-8"?>
<testsuites name="Mocha Tests" time="1.788" tests="72" failures="63">
  <testsuite name="" timestamp="2024-05-01T23:14:19" tests="72" time="1.788" failures="63">
    <testcase name="HELP: test help method" time="0.001" classname="">
    </testcase>
    <testcase name="HELP: check every endpoint&apos;s other methods" time="0.044" classname="">
    </testcase>
    <testcase name="HELP: check every other endpoint" time="0.011" classname="">
    </testcase>
    <testcase name="IMAGES: test user normal functionality" time="0.034" classname="">
      <failure message="password authentication failed for user &quot;andrewli&quot;" type="error"><![CDATA[error: password authentication failed for user "andrewli"
    at C:\Users\datmu\Documents\wildwhere\WildWhere\backend\node_modules\pg-pool\index.js:45:11
    at process.processTicksAndRejections (node:internal/process/task_queues:95:5)
    at async teardown (test\images.test.js:21:5)
    at async Context.<anonymous> (test\images.test.js:28:9)]]></failure>
    </testcase>
    <testcase name="IMAGES: test user profile picture upload missing uid" time="0.008" classname="">
    </testcase>
    <testcase name="IMAGES: test user upload missing img" time="0.002" classname="">
    </testcase>
    <testcase name="IMAGES: test user override" time="0.027" classname="">
      <failure message="password authentication failed for user &quot;andrewli&quot;" type="error"><![CDATA[error: password authentication failed for user "andrewli"
    at C:\Users\datmu\Documents\wildwhere\WildWhere\backend\node_modules\pg-pool\index.js:45:11
    at process.processTicksAndRejections (node:internal/process/task_queues:95:5)
    at async teardown (test\images.test.js:21:5)
    at async Context.<anonymous> (test\images.test.js:65:9)]]></failure>
    </testcase>
    <testcase name="IMAGES: test post normal functionality" time="0.026" classname="">
      <failure message="password authentication failed for user &quot;andrewli&quot;" type="error"><![CDATA[error: password authentication failed for user "andrewli"
    at C:\Users\datmu\Documents\wildwhere\WildWhere\backend\node_modules\pg-pool\index.js:45:11
    at process.processTicksAndRejections (node:internal/process/task_queues:95:5)
    at async teardown (test\images.test.js:21:5)
    at async Context.<anonymous> (test\images.test.js:96:9)]]></failure>
    </testcase>
    <testcase name="IMAGES: test post profile picture upload missing pid" time="0.005" classname="">
    </testcase>
    <testcase name="IMAGES: test post upload missing img" time="0.003" classname="">
    </testcase>
    <testcase name="IMAGES: test post override" time="0.026" classname="">
      <failure message="password authentication failed for user &quot;andrewli&quot;" type="error"><![CDATA[error: password authentication failed for user "andrewli"
    at C:\Users\datmu\Documents\wildwhere\WildWhere\backend\node_modules\pg-pool\index.js:45:11
    at process.processTicksAndRejections (node:internal/process/task_queues:95:5)
    at async teardown (test\images.test.js:21:5)
    at async Context.<anonymous> (test\images.test.js:130:9)]]></failure>
    </testcase>
    <testcase name="IMAGES: test user delete normal" time="0.027" classname="">
      <failure message="password authentication failed for user &quot;andrewli&quot;" type="error"><![CDATA[error: password authentication failed for user "andrewli"
    at C:\Users\datmu\Documents\wildwhere\WildWhere\backend\node_modules\pg-pool\index.js:45:11
    at process.processTicksAndRejections (node:internal/process/task_queues:95:5)
    at async teardown (test\images.test.js:21:5)
    at async Context.<anonymous> (test\images.test.js:163:9)]]></failure>
    </testcase>
    <testcase name="IMAGES: test user delete missing uid" time="0.003" classname="">
    </testcase>
    <testcase name="IMAGES: test post delete normal" time="0.026" classname="">
      <failure message="password authentication failed for user &quot;andrewli&quot;" type="error"><![CDATA[error: password authentication failed for user "andrewli"
    at C:\Users\datmu\Documents\wildwhere\WildWhere\backend\node_modules\pg-pool\index.js:45:11
    at process.processTicksAndRejections (node:internal/process/task_queues:95:5)
    at async teardown (test\images.test.js:21:5)
    at async Context.<anonymous> (test\images.test.js:191:9)]]></failure>
    </testcase>
    <testcase name="IMAGES: test post delete missing pid" time="0.003" classname="">
    </testcase>
    <testcase name="POST: test select with empty" time="0.026" classname="">
      <failure message="password authentication failed for user &quot;andrewli&quot;" type="error"><![CDATA[error: password authentication failed for user "andrewli"
    at C:\Users\datmu\Documents\wildwhere\WildWhere\backend\node_modules\pg-pool\index.js:45:11
    at process.processTicksAndRejections (node:internal/process/task_queues:95:5)
    at async teardown (test\posts.test.js:24:5)
    at async Context.<anonymous> (test\posts.test.js:31:9)]]></failure>
    </testcase>
    <testcase name="POST: test select with too strict constraints" time="0.026" classname="">
      <failure message="password authentication failed for user &quot;andrewli&quot;" type="error"><![CDATA[error: password authentication failed for user "andrewli"
    at C:\Users\datmu\Documents\wildwhere\WildWhere\backend\node_modules\pg-pool\index.js:45:11
    at process.processTicksAndRejections (node:internal/process/task_queues:95:5)
    at async teardown (test\posts.test.js:24:5)
    at async Context.<anonymous> (test\posts.test.js:39:9)]]></failure>
    </testcase>
    <testcase name="POST: test select with few constraints" time="0.026" classname="">
      <failure message="password authentication failed for user &quot;andrewli&quot;" type="error"><![CDATA[error: password authentication failed for user "andrewli"
    at C:\Users\datmu\Documents\wildwhere\WildWhere\backend\node_modules\pg-pool\index.js:45:11
    at process.processTicksAndRejections (node:internal/process/task_queues:95:5)
    at async teardown (test\posts.test.js:24:5)
    at async Context.<anonymous> (test\posts.test.js:54:9)]]></failure>
    </testcase>
    <testcase name="POST: test select with radius but no coord" time="0.027" classname="">
      <failure message="password authentication failed for user &quot;andrewli&quot;" type="error"><![CDATA[error: password authentication failed for user "andrewli"
    at C:\Users\datmu\Documents\wildwhere\WildWhere\backend\node_modules\pg-pool\index.js:45:11
    at process.processTicksAndRejections (node:internal/process/task_queues:95:5)
    at async teardown (test\posts.test.js:24:5)
    at async Context.<anonymous> (test\posts.test.js:80:9)]]></failure>
    </testcase>
    <testcase name="POST: test select with ALL constraints (minus datetime and radius)" time="0.028" classname="">
      <failure message="password authentication failed for user &quot;andrewli&quot;" type="error"><![CDATA[error: password authentication failed for user "andrewli"
    at C:\Users\datmu\Documents\wildwhere\WildWhere\backend\node_modules\pg-pool\index.js:45:11
    at process.processTicksAndRejections (node:internal/process/task_queues:95:5)
    at async teardown (test\posts.test.js:24:5)
    at async Context.<anonymous> (test\posts.test.js:89:9)]]></failure>
    </testcase>
    <testcase name="POST: test select with multiple posts" time="0.029" classname="">
      <failure message="password authentication failed for user &quot;andrewli&quot;" type="error"><![CDATA[error: password authentication failed for user "andrewli"
    at C:\Users\datmu\Documents\wildwhere\WildWhere\backend\node_modules\pg-pool\index.js:45:11
    at process.processTicksAndRejections (node:internal/process/task_queues:95:5)
    at async teardown (test\posts.test.js:24:5)
    at async Context.<anonymous> (test\posts.test.js:115:9)]]></failure>
    </testcase>
    <testcase name="POST: null radius" time="0.027" classname="">
      <failure message="password authentication failed for user &quot;andrewli&quot;" type="error"><![CDATA[error: password authentication failed for user "andrewli"
    at C:\Users\datmu\Documents\wildwhere\WildWhere\backend\node_modules\pg-pool\index.js:45:11
    at process.processTicksAndRejections (node:internal/process/task_queues:95:5)
    at async teardown (test\posts.test.js:24:5)
    at async Context.<anonymous> (test\posts.test.js:152:9)]]></failure>
    </testcase>
    <testcase name="POST: zero radius" time="0.028" classname="">
      <failure message="password authentication failed for user &quot;andrewli&quot;" type="error"><![CDATA[error: password authentication failed for user "andrewli"
    at C:\Users\datmu\Documents\wildwhere\WildWhere\backend\node_modules\pg-pool\index.js:45:11
    at process.processTicksAndRejections (node:internal/process/task_queues:95:5)
    at async teardown (test\posts.test.js:24:5)
    at async Context.<anonymous> (test\posts.test.js:179:9)]]></failure>
    </testcase>
    <testcase name="POST: non-zero radius" time="0.027" classname="">
      <failure message="password authentication failed for user &quot;andrewli&quot;" type="error"><![CDATA[error: password authentication failed for user "andrewli"
    at C:\Users\datmu\Documents\wildwhere\WildWhere\backend\node_modules\pg-pool\index.js:45:11
    at process.processTicksAndRejections (node:internal/process/task_queues:95:5)
    at async teardown (test\posts.test.js:24:5)
    at async Context.<anonymous> (test\posts.test.js:206:9)]]></failure>
    </testcase>
    <testcase name="POST: after a time" time="0.027" classname="">
      <failure message="password authentication failed for user &quot;andrewli&quot;" type="error"><![CDATA[error: password authentication failed for user "andrewli"
    at C:\Users\datmu\Documents\wildwhere\WildWhere\backend\node_modules\pg-pool\index.js:45:11
    at process.processTicksAndRejections (node:internal/process/task_queues:95:5)
    at async teardown (test\posts.test.js:24:5)
    at async Context.<anonymous> (test\posts.test.js:257:9)]]></failure>
    </testcase>
    <testcase name="POST: before a time" time="0.026" classname="">
      <failure message="password authentication failed for user &quot;andrewli&quot;" type="error"><![CDATA[error: password authentication failed for user "andrewli"
    at C:\Users\datmu\Documents\wildwhere\WildWhere\backend\node_modules\pg-pool\index.js:45:11
    at process.processTicksAndRejections (node:internal/process/task_queues:95:5)
    at async teardown (test\posts.test.js:24:5)
    at async Context.<anonymous> (test\posts.test.js:284:9)]]></failure>
    </testcase>
    <testcase name="POST: between a time" time="0.027" classname="">
      <failure message="password authentication failed for user &quot;andrewli&quot;" type="error"><![CDATA[error: password authentication failed for user "andrewli"
    at C:\Users\datmu\Documents\wildwhere\WildWhere\backend\node_modules\pg-pool\index.js:45:11
    at process.processTicksAndRejections (node:internal/process/task_queues:95:5)
    at async teardown (test\posts.test.js:24:5)
    at async Context.<anonymous> (test\posts.test.js:311:9)]]></failure>
    </testcase>
    <testcase name="POST: camel instead of lowercase times" time="0.028" classname="">
      <failure message="password authentication failed for user &quot;andrewli&quot;" type="error"><![CDATA[error: password authentication failed for user "andrewli"
    at C:\Users\datmu\Documents\wildwhere\WildWhere\backend\node_modules\pg-pool\index.js:45:11
    at process.processTicksAndRejections (node:internal/process/task_queues:95:5)
    at async teardown (test\posts.test.js:24:5)
    at async Context.<anonymous> (test\posts.test.js:339:9)]]></failure>
    </testcase>
    <testcase name="POST: lowercase animalName" time="0.027" classname="">
      <failure message="password authentication failed for user &quot;andrewli&quot;" type="error"><![CDATA[error: password authentication failed for user "andrewli"
    at C:\Users\datmu\Documents\wildwhere\WildWhere\backend\node_modules\pg-pool\index.js:45:11
    at process.processTicksAndRejections (node:internal/process/task_queues:95:5)
    at async teardown (test\posts.test.js:24:5)
    at async Context.<anonymous> (test\posts.test.js:366:9)]]></failure>
    </testcase>
    <testcase name="POST: test create without uid" time="0.027" classname="">
      <failure message="password authentication failed for user &quot;andrewli&quot;" type="error"><![CDATA[error: password authentication failed for user "andrewli"
    at C:\Users\datmu\Documents\wildwhere\WildWhere\backend\node_modules\pg-pool\index.js:45:11
    at process.processTicksAndRejections (node:internal/process/task_queues:95:5)
    at async teardown (test\posts.test.js:24:5)
    at async Context.<anonymous> (test\posts.test.js:396:9)]]></failure>
    </testcase>
    <testcase name="POST: test create without coordinates" time="0.027" classname="">
      <failure message="password authentication failed for user &quot;andrewli&quot;" type="error"><![CDATA[error: password authentication failed for user "andrewli"
    at C:\Users\datmu\Documents\wildwhere\WildWhere\backend\node_modules\pg-pool\index.js:45:11
    at process.processTicksAndRejections (node:internal/process/task_queues:95:5)
    at async teardown (test\posts.test.js:24:5)
    at async Context.<anonymous> (test\posts.test.js:403:9)]]></failure>
    </testcase>
    <testcase name="POST: test create with only uid and coordinates" time="0.027" classname="">
      <failure message="password authentication failed for user &quot;andrewli&quot;" type="error"><![CDATA[error: password authentication failed for user "andrewli"
    at C:\Users\datmu\Documents\wildwhere\WildWhere\backend\node_modules\pg-pool\index.js:45:11
    at process.processTicksAndRejections (node:internal/process/task_queues:95:5)
    at async teardown (test\posts.test.js:24:5)
    at async Context.<anonymous> (test\posts.test.js:414:9)]]></failure>
    </testcase>
    <testcase name="POST: test create post with all params" time="0.027" classname="">
      <failure message="password authentication failed for user &quot;andrewli&quot;" type="error"><![CDATA[error: password authentication failed for user "andrewli"
    at C:\Users\datmu\Documents\wildwhere\WildWhere\backend\node_modules\pg-pool\index.js:45:11
    at process.processTicksAndRejections (node:internal/process/task_queues:95:5)
    at async teardown (test\posts.test.js:24:5)
    at async Context.<anonymous> (test\posts.test.js:425:9)]]></failure>
    </testcase>
    <testcase name="POST: test create with some but not all params" time="0.027" classname="">
      <failure message="password authentication failed for user &quot;andrewli&quot;" type="error"><![CDATA[error: password authentication failed for user "andrewli"
    at C:\Users\datmu\Documents\wildwhere\WildWhere\backend\node_modules\pg-pool\index.js:45:11
    at process.processTicksAndRejections (node:internal/process/task_queues:95:5)
    at async teardown (test\posts.test.js:24:5)
    at async Context.<anonymous> (test\posts.test.js:437:5)]]></failure>
    </testcase>
    <testcase name="POST: update post with imgLink" time="0.027" classname="">
      <failure message="password authentication failed for user &quot;andrewli&quot;" type="error"><![CDATA[error: password authentication failed for user "andrewli"
    at C:\Users\datmu\Documents\wildwhere\WildWhere\backend\node_modules\pg-pool\index.js:45:11
    at process.processTicksAndRejections (node:internal/process/task_queues:95:5)
    at async teardown (test\posts.test.js:24:5)
    at async Context.<anonymous> (test\posts.test.js:450:9)]]></failure>
    </testcase>
    <testcase name="POST: update post with empty imgLink" time="0.027" classname="">
      <failure message="password authentication failed for user &quot;andrewli&quot;" type="error"><![CDATA[error: password authentication failed for user "andrewli"
    at C:\Users\datmu\Documents\wildwhere\WildWhere\backend\node_modules\pg-pool\index.js:45:11
    at process.processTicksAndRejections (node:internal/process/task_queues:95:5)
    at async teardown (test\posts.test.js:24:5)
    at async Context.<anonymous> (test\posts.test.js:481:9)]]></failure>
    </testcase>
    <testcase name="POST: update post without pid" time="0.027" classname="">
      <failure message="password authentication failed for user &quot;andrewli&quot;" type="error"><![CDATA[error: password authentication failed for user "andrewli"
    at C:\Users\datmu\Documents\wildwhere\WildWhere\backend\node_modules\pg-pool\index.js:45:11
    at process.processTicksAndRejections (node:internal/process/task_queues:95:5)
    at async teardown (test\posts.test.js:24:5)
    at async Context.<anonymous> (test\posts.test.js:513:9)]]></failure>
    </testcase>
    <testcase name="POST: update post without updates" time="0.027" classname="">
      <failure message="password authentication failed for user &quot;andrewli&quot;" type="error"><![CDATA[error: password authentication failed for user "andrewli"
    at C:\Users\datmu\Documents\wildwhere\WildWhere\backend\node_modules\pg-pool\index.js:45:11
    at process.processTicksAndRejections (node:internal/process/task_queues:95:5)
    at async teardown (test\posts.test.js:24:5)
    at async Context.<anonymous> (test\posts.test.js:524:9)]]></failure>
    </testcase>
    <testcase name="POST: update post, update with camelcase" time="0.026" classname="">
      <failure message="password authentication failed for user &quot;andrewli&quot;" type="error"><![CDATA[error: password authentication failed for user "andrewli"
    at C:\Users\datmu\Documents\wildwhere\WildWhere\backend\node_modules\pg-pool\index.js:45:11
    at process.processTicksAndRejections (node:internal/process/task_queues:95:5)
    at async teardown (test\posts.test.js:24:5)
    at async Context.<anonymous> (test\posts.test.js:538:9)]]></failure>
    </testcase>
    <testcase name="POST: update post, update with lowercase" time="0.026" classname="">
      <failure message="password authentication failed for user &quot;andrewli&quot;" type="error"><![CDATA[error: password authentication failed for user "andrewli"
    at C:\Users\datmu\Documents\wildwhere\WildWhere\backend\node_modules\pg-pool\index.js:45:11
    at process.processTicksAndRejections (node:internal/process/task_queues:95:5)
    at async teardown (test\posts.test.js:24:5)
    at async Context.<anonymous> (test\posts.test.js:567:9)]]></failure>
    </testcase>
    <testcase name="POST: update post with all" time="0.026" classname="">
      <failure message="password authentication failed for user &quot;andrewli&quot;" type="error"><![CDATA[error: password authentication failed for user "andrewli"
    at C:\Users\datmu\Documents\wildwhere\WildWhere\backend\node_modules\pg-pool\index.js:45:11
    at process.processTicksAndRejections (node:internal/process/task_queues:95:5)
    at async teardown (test\posts.test.js:24:5)
    at async Context.<anonymous> (test\posts.test.js:597:9)]]></failure>
    </testcase>
    <testcase name="POST: delete post by PID" time="0.027" classname="">
      <failure message="password authentication failed for user &quot;andrewli&quot;" type="error"><![CDATA[error: password authentication failed for user "andrewli"
    at C:\Users\datmu\Documents\wildwhere\WildWhere\backend\node_modules\pg-pool\index.js:45:11
    at process.processTicksAndRejections (node:internal/process/task_queues:95:5)
    at async teardown (test\posts.test.js:24:5)
    at async Context.<anonymous> (test\posts.test.js:633:9)]]></failure>
    </testcase>
    <testcase name="POST: delete post by ID where ID not listed" time="0.027" classname="">
      <failure message="password authentication failed for user &quot;andrewli&quot;" type="error"><![CDATA[error: password authentication failed for user "andrewli"
    at C:\Users\datmu\Documents\wildwhere\WildWhere\backend\node_modules\pg-pool\index.js:45:11
    at process.processTicksAndRejections (node:internal/process/task_queues:95:5)
    at async teardown (test\posts.test.js:24:5)
    at async Context.<anonymous> (test\posts.test.js:651:9)]]></failure>
    </testcase>
    <testcase name="POST: delete post by without id" time="0.026" classname="">
      <failure message="password authentication failed for user &quot;andrewli&quot;" type="error"><![CDATA[error: password authentication failed for user "andrewli"
    at C:\Users\datmu\Documents\wildwhere\WildWhere\backend\node_modules\pg-pool\index.js:45:11
    at process.processTicksAndRejections (node:internal/process/task_queues:95:5)
    at async teardown (test\posts.test.js:24:5)
    at async Context.<anonymous> (test\posts.test.js:659:9)]]></failure>
    </testcase>
    <testcase name="REPORTS: normal functionality with single post" time="0.026" classname="">
      <failure message="password authentication failed for user &quot;andrewli&quot;" type="error"><![CDATA[error: password authentication failed for user "andrewli"
    at C:\Users\datmu\Documents\wildwhere\WildWhere\backend\node_modules\pg-pool\index.js:45:11
    at process.processTicksAndRejections (node:internal/process/task_queues:95:5)
    at async teardown (test\reports.test.js:23:5)
    at async Context.<anonymous> (test\reports.test.js:30:9)]]></failure>
    </testcase>
    <testcase name="REPORTS: normal functionality too strict" time="0.026" classname="">
      <failure message="password authentication failed for user &quot;andrewli&quot;" type="error"><![CDATA[error: password authentication failed for user "andrewli"
    at C:\Users\datmu\Documents\wildwhere\WildWhere\backend\node_modules\pg-pool\index.js:45:11
    at process.processTicksAndRejections (node:internal/process/task_queues:95:5)
    at async teardown (test\reports.test.js:23:5)
    at async Context.<anonymous> (test\reports.test.js:51:9)]]></failure>
    </testcase>
    <testcase name="REPORTS: normal functionality multiple posts" time="0.027" classname="">
      <failure message="password authentication failed for user &quot;andrewli&quot;" type="error"><![CDATA[error: password authentication failed for user "andrewli"
    at C:\Users\datmu\Documents\wildwhere\WildWhere\backend\node_modules\pg-pool\index.js:45:11
    at process.processTicksAndRejections (node:internal/process/task_queues:95:5)
    at async teardown (test\reports.test.js:23:5)
    at async Context.<anonymous> (test\reports.test.js:73:9)]]></failure>
    </testcase>
    <testcase name="REPORTS: normal functionality" time="0.027" classname="">
      <failure message="password authentication failed for user &quot;andrewli&quot;" type="error"><![CDATA[error: password authentication failed for user "andrewli"
    at C:\Users\datmu\Documents\wildwhere\WildWhere\backend\node_modules\pg-pool\index.js:45:11
    at process.processTicksAndRejections (node:internal/process/task_queues:95:5)
    at async teardown (test\reports.test.js:23:5)
    at async Context.<anonymous> (test\reports.test.js:105:9)]]></failure>
    </testcase>
    <testcase name="REPORTS: missing pid" time="0.027" classname="">
      <failure message="password authentication failed for user &quot;andrewli&quot;" type="error"><![CDATA[error: password authentication failed for user "andrewli"
    at C:\Users\datmu\Documents\wildwhere\WildWhere\backend\node_modules\pg-pool\index.js:45:11
    at process.processTicksAndRejections (node:internal/process/task_queues:95:5)
    at async teardown (test\reports.test.js:23:5)
    at async Context.<anonymous> (test\reports.test.js:118:9)]]></failure>
    </testcase>
    <testcase name="REPORTS: missing uid" time="0.027" classname="">
      <failure message="password authentication failed for user &quot;andrewli&quot;" type="error"><![CDATA[error: password authentication failed for user "andrewli"
    at C:\Users\datmu\Documents\wildwhere\WildWhere\backend\node_modules\pg-pool\index.js:45:11
    at process.processTicksAndRejections (node:internal/process/task_queues:95:5)
    at async teardown (test\reports.test.js:23:5)
    at async Context.<anonymous> (test\reports.test.js:131:9)]]></failure>
    </testcase>
    <testcase name="REPORTS: missing reason" time="0.028" classname="">
      <failure message="password authentication failed for user &quot;andrewli&quot;" type="error"><![CDATA[error: password authentication failed for user "andrewli"
    at C:\Users\datmu\Documents\wildwhere\WildWhere\backend\node_modules\pg-pool\index.js:45:11
    at process.processTicksAndRejections (node:internal/process/task_queues:95:5)
    at async teardown (test\reports.test.js:23:5)
    at async Context.<anonymous> (test\reports.test.js:144:9)]]></failure>
    </testcase>
    <testcase name="USER: test select with empty" time="0.028" classname="">
      <failure message="password authentication failed for user &quot;andrewli&quot;" type="error"><![CDATA[error: password authentication failed for user "andrewli"
    at C:\Users\datmu\Documents\wildwhere\WildWhere\backend\node_modules\pg-pool\index.js:45:11
    at process.processTicksAndRejections (node:internal/process/task_queues:95:5)
    at async teardown (test\users.test.js:23:5)
    at async Context.<anonymous> (test\users.test.js:30:9)]]></failure>
    </testcase>
    <testcase name="USER: test select with no matching criteria" time="0.030" classname="">
      <failure message="password authentication failed for user &quot;andrewli&quot;" type="error"><![CDATA[error: password authentication failed for user "andrewli"
    at C:\Users\datmu\Documents\wildwhere\WildWhere\backend\node_modules\pg-pool\index.js:45:11
    at process.processTicksAndRejections (node:internal/process/task_queues:95:5)
    at async teardown (test\users.test.js:23:5)
    at async Context.<anonymous> (test\users.test.js:37:9)]]></failure>
    </testcase>
    <testcase name="USER: test select with some constraints" time="0.029" classname="">
      <failure message="password authentication failed for user &quot;andrewli&quot;" type="error"><![CDATA[error: password authentication failed for user "andrewli"
    at C:\Users\datmu\Documents\wildwhere\WildWhere\backend\node_modules\pg-pool\index.js:45:11
    at process.processTicksAndRejections (node:internal/process/task_queues:95:5)
    at async teardown (test\users.test.js:23:5)
    at async Context.<anonymous> (test\users.test.js:48:9)]]></failure>
    </testcase>
    <testcase name="USER: test select with ALL constraints" time="0.029" classname="">
      <failure message="password authentication failed for user &quot;andrewli&quot;" type="error"><![CDATA[error: password authentication failed for user "andrewli"
    at C:\Users\datmu\Documents\wildwhere\WildWhere\backend\node_modules\pg-pool\index.js:45:11
    at process.processTicksAndRejections (node:internal/process/task_queues:95:5)
    at async teardown (test\users.test.js:23:5)
    at async Context.<anonymous> (test\users.test.js:72:9)]]></failure>
    </testcase>
    <testcase name="USER: test select with many users" time="0.028" classname="">
      <failure message="password authentication failed for user &quot;andrewli&quot;" type="error"><![CDATA[error: password authentication failed for user "andrewli"
    at C:\Users\datmu\Documents\wildwhere\WildWhere\backend\node_modules\pg-pool\index.js:45:11
    at process.processTicksAndRejections (node:internal/process/task_queues:95:5)
    at async teardown (test\users.test.js:23:5)
    at async Context.<anonymous> (test\users.test.js:108:9)]]></failure>
    </testcase>
    <testcase name="USER: test create" time="0.027" classname="">
      <failure message="password authentication failed for user &quot;andrewli&quot;" type="error"><![CDATA[error: password authentication failed for user "andrewli"
    at C:\Users\datmu\Documents\wildwhere\WildWhere\backend\node_modules\pg-pool\index.js:45:11
    at process.processTicksAndRejections (node:internal/process/task_queues:95:5)
    at async teardown (test\users.test.js:23:5)
    at async Context.<anonymous> (test\users.test.js:147:9)]]></failure>
    </testcase>
    <testcase name="USER: test create without uid" time="0.026" classname="">
      <failure message="password authentication failed for user &quot;andrewli&quot;" type="error"><![CDATA[error: password authentication failed for user "andrewli"
    at C:\Users\datmu\Documents\wildwhere\WildWhere\backend\node_modules\pg-pool\index.js:45:11
    at process.processTicksAndRejections (node:internal/process/task_queues:95:5)
    at async teardown (test\users.test.js:23:5)
    at async Context.<anonymous> (test\users.test.js:156:9)]]></failure>
    </testcase>
    <testcase name="USER: test create with all params" time="0.026" classname="">
      <failure message="password authentication failed for user &quot;andrewli&quot;" type="error"><![CDATA[error: password authentication failed for user "andrewli"
    at C:\Users\datmu\Documents\wildwhere\WildWhere\backend\node_modules\pg-pool\index.js:45:11
    at process.processTicksAndRejections (node:internal/process/task_queues:95:5)
    at async teardown (test\users.test.js:23:5)
    at async Context.<anonymous> (test\users.test.js:163:9)]]></failure>
    </testcase>
    <testcase name="USER: test create with camel case qualifiers" time="0.027" classname="">
      <failure message="password authentication failed for user &quot;andrewli&quot;" type="error"><![CDATA[error: password authentication failed for user "andrewli"
    at C:\Users\datmu\Documents\wildwhere\WildWhere\backend\node_modules\pg-pool\index.js:45:11
    at process.processTicksAndRejections (node:internal/process/task_queues:95:5)
    at async teardown (test\users.test.js:23:5)
    at async Context.<anonymous> (test\users.test.js:205:9)]]></failure>
    </testcase>
    <testcase name="USER: test create with lower case qualifiers" time="0.026" classname="">
      <failure message="password authentication failed for user &quot;andrewli&quot;" type="error"><![CDATA[error: password authentication failed for user "andrewli"
    at C:\Users\datmu\Documents\wildwhere\WildWhere\backend\node_modules\pg-pool\index.js:45:11
    at process.processTicksAndRejections (node:internal/process/task_queues:95:5)
    at async teardown (test\users.test.js:23:5)
    at async Context.<anonymous> (test\users.test.js:231:9)]]></failure>
    </testcase>
    <testcase name="USER: test create with some but not all params" time="0.026" classname="">
      <failure message="password authentication failed for user &quot;andrewli&quot;" type="error"><![CDATA[error: password authentication failed for user "andrewli"
    at C:\Users\datmu\Documents\wildwhere\WildWhere\backend\node_modules\pg-pool\index.js:45:11
    at process.processTicksAndRejections (node:internal/process/task_queues:95:5)
    at async teardown (test\users.test.js:23:5)
    at async Context.<anonymous> (test\users.test.js:257:9)]]></failure>
    </testcase>
    <testcase name="USER: update user with email" time="0.027" classname="">
      <failure message="password authentication failed for user &quot;andrewli&quot;" type="error"><![CDATA[error: password authentication failed for user "andrewli"
    at C:\Users\datmu\Documents\wildwhere\WildWhere\backend\node_modules\pg-pool\index.js:45:11
    at process.processTicksAndRejections (node:internal/process/task_queues:95:5)
    at async teardown (test\users.test.js:23:5)
    at async Context.<anonymous> (test\users.test.js:280:9)]]></failure>
    </testcase>
    <testcase name="USER: update user, set field to empty string" time="0.027" classname="">
      <failure message="password authentication failed for user &quot;andrewli&quot;" type="error"><![CDATA[error: password authentication failed for user "andrewli"
    at C:\Users\datmu\Documents\wildwhere\WildWhere\backend\node_modules\pg-pool\index.js:45:11
    at process.processTicksAndRejections (node:internal/process/task_queues:95:5)
    at async teardown (test\users.test.js:23:5)
    at async Context.<anonymous> (test\users.test.js:308:9)]]></failure>
    </testcase>
    <testcase name="USER: update user, update all fields" time="0.026" classname="">
      <failure message="password authentication failed for user &quot;andrewli&quot;" type="error"><![CDATA[error: password authentication failed for user "andrewli"
    at C:\Users\datmu\Documents\wildwhere\WildWhere\backend\node_modules\pg-pool\index.js:45:11
    at process.processTicksAndRejections (node:internal/process/task_queues:95:5)
    at async teardown (test\users.test.js:23:5)
    at async Context.<anonymous> (test\users.test.js:336:9)]]></failure>
    </testcase>
    <testcase name="USER: update user, update with camelcase" time="0.026" classname="">
      <failure message="password authentication failed for user &quot;andrewli&quot;" type="error"><![CDATA[error: password authentication failed for user "andrewli"
    at C:\Users\datmu\Documents\wildwhere\WildWhere\backend\node_modules\pg-pool\index.js:45:11
    at process.processTicksAndRejections (node:internal/process/task_queues:95:5)
    at async teardown (test\users.test.js:23:5)
    at async Context.<anonymous> (test\users.test.js:364:9)]]></failure>
    </testcase>
    <testcase name="USER: update user, update with lowercase" time="0.026" classname="">
      <failure message="password authentication failed for user &quot;andrewli&quot;" type="error"><![CDATA[error: password authentication failed for user "andrewli"
    at C:\Users\datmu\Documents\wildwhere\WildWhere\backend\node_modules\pg-pool\index.js:45:11
    at process.processTicksAndRejections (node:internal/process/task_queues:95:5)
    at async teardown (test\users.test.js:23:5)
    at async Context.<anonymous> (test\users.test.js:391:9)]]></failure>
    </testcase>
    <testcase name="USER: update user without updates" time="0.027" classname="">
      <failure message="password authentication failed for user &quot;andrewli&quot;" type="error"><![CDATA[error: password authentication failed for user "andrewli"
    at C:\Users\datmu\Documents\wildwhere\WildWhere\backend\node_modules\pg-pool\index.js:45:11
    at process.processTicksAndRejections (node:internal/process/task_queues:95:5)
    at async teardown (test\users.test.js:23:5)
    at async Context.<anonymous> (test\users.test.js:418:9)]]></failure>
    </testcase>
    <testcase name="USER: update user without uid" time="0.026" classname="">
      <failure message="password authentication failed for user &quot;andrewli&quot;" type="error"><![CDATA[error: password authentication failed for user "andrewli"
    at C:\Users\datmu\Documents\wildwhere\WildWhere\backend\node_modules\pg-pool\index.js:45:11
    at process.processTicksAndRejections (node:internal/process/task_queues:95:5)
    at async teardown (test\users.test.js:23:5)
    at async Context.<anonymous> (test\users.test.js:428:9)]]></failure>
    </testcase>
    <testcase name="USER: delete user by ID" time="0.026" classname="">
      <failure message="password authentication failed for user &quot;andrewli&quot;" type="error"><![CDATA[error: password authentication failed for user "andrewli"
    at C:\Users\datmu\Documents\wildwhere\WildWhere\backend\node_modules\pg-pool\index.js:45:11
    at process.processTicksAndRejections (node:internal/process/task_queues:95:5)
    at async teardown (test\users.test.js:23:5)
    at async Context.<anonymous> (test\users.test.js:440:9)]]></failure>
    </testcase>
    <testcase name="USER: delete user by ID where ID not listed" time="0.026" classname="">
      <failure message="password authentication failed for user &quot;andrewli&quot;" type="error"><![CDATA[error: password authentication failed for user "andrewli"
    at C:\Users\datmu\Documents\wildwhere\WildWhere\backend\node_modules\pg-pool\index.js:45:11
    at process.processTicksAndRejections (node:internal/process/task_queues:95:5)
    at async teardown (test\users.test.js:23:5)
    at async Context.<anonymous> (test\users.test.js:453:9)]]></failure>
    </testcase>
    <testcase name="USER: delete user by ID without uid" time="0.025" classname="">
      <failure message="password authentication failed for user &quot;andrewli&quot;" type="error"><![CDATA[error: password authentication failed for user "andrewli"
    at C:\Users\datmu\Documents\wildwhere\WildWhere\backend\node_modules\pg-pool\index.js:45:11
    at process.processTicksAndRejections (node:internal/process/task_queues:95:5)
    at async teardown (test\users.test.js:23:5)
    at async Context.<anonymous> (test\users.test.js:460:9)]]></failure>
    </testcase>
  </testsuite>
</testsuites>